<?xml version="1.0" encoding="UTF-8"?>
<testsuite name="se.jasmin.bookapp.api.BookAppControllerTest" tests="1" skipped="0" failures="0" errors="0" timestamp="2019-01-08T18:24:22" hostname="jaw-0531" time="0.531">
  <properties/>
  <testcase name="createNewBook" classname="se.jasmin.bookapp.api.BookAppControllerTest" time="0.531"/>
  <system-out><![CDATA[19:24:14.394 [Test worker] DEBUG org.springframework.test.context.junit4.SpringJUnit4ClassRunner - SpringJUnit4ClassRunner constructor called with [class se.jasmin.bookapp.api.BookAppControllerTest]
19:24:14.406 [Test worker] DEBUG org.springframework.test.context.BootstrapUtils - Instantiating CacheAwareContextLoaderDelegate from class [org.springframework.test.context.cache.DefaultCacheAwareContextLoaderDelegate]
19:24:14.419 [Test worker] DEBUG org.springframework.test.context.BootstrapUtils - Instantiating BootstrapContext using constructor [public org.springframework.test.context.support.DefaultBootstrapContext(java.lang.Class,org.springframework.test.context.CacheAwareContextLoaderDelegate)]
19:24:14.447 [Test worker] DEBUG org.springframework.test.context.BootstrapUtils - Instantiating TestContextBootstrapper for test class [se.jasmin.bookapp.api.BookAppControllerTest] from class [org.springframework.boot.test.context.SpringBootTestContextBootstrapper]
19:24:14.464 [Test worker] INFO org.springframework.boot.test.context.SpringBootTestContextBootstrapper - Neither @ContextConfiguration nor @ContextHierarchy found for test class [se.jasmin.bookapp.api.BookAppControllerTest], using SpringBootContextLoader
19:24:14.470 [Test worker] DEBUG org.springframework.test.context.support.AbstractContextLoader - Did not detect default resource location for test class [se.jasmin.bookapp.api.BookAppControllerTest]: class path resource [se/jasmin/bookapp/api/BookAppControllerTest-context.xml] does not exist
19:24:14.472 [Test worker] DEBUG org.springframework.test.context.support.AbstractContextLoader - Did not detect default resource location for test class [se.jasmin.bookapp.api.BookAppControllerTest]: class path resource [se/jasmin/bookapp/api/BookAppControllerTestContext.groovy] does not exist
19:24:14.473 [Test worker] INFO org.springframework.test.context.support.AbstractContextLoader - Could not detect default resource locations for test class [se.jasmin.bookapp.api.BookAppControllerTest]: no resource found for suffixes {-context.xml, Context.groovy}.
19:24:14.474 [Test worker] INFO org.springframework.test.context.support.AnnotationConfigContextLoaderUtils - Could not detect default configuration classes for test class [se.jasmin.bookapp.api.BookAppControllerTest]: BookAppControllerTest does not declare any static, non-private, non-final, nested classes annotated with @Configuration.
19:24:14.534 [Test worker] DEBUG org.springframework.test.context.support.ActiveProfilesUtils - Could not find an 'annotation declaring class' for annotation type [org.springframework.test.context.ActiveProfiles] and class [se.jasmin.bookapp.api.BookAppControllerTest]
19:24:14.643 [Test worker] DEBUG org.springframework.context.annotation.ClassPathScanningCandidateComponentProvider - Identified candidate component class: file [C:\Users\Jasmin\programmering\teknikfordjupning\bookApplicationJava\build\classes\java\main\se\jasmin\bookapp\Application.class]
19:24:14.645 [Test worker] INFO org.springframework.boot.test.context.SpringBootTestContextBootstrapper - Found @SpringBootConfiguration se.jasmin.bookapp.Application for test class se.jasmin.bookapp.api.BookAppControllerTest
19:24:14.767 [Test worker] DEBUG org.springframework.boot.test.context.SpringBootTestContextBootstrapper - @TestExecutionListeners is not present for class [se.jasmin.bookapp.api.BookAppControllerTest]: using defaults.
19:24:14.767 [Test worker] INFO org.springframework.boot.test.context.SpringBootTestContextBootstrapper - Loaded default TestExecutionListener class names from location [META-INF/spring.factories]: [org.springframework.boot.test.autoconfigure.restdocs.RestDocsTestExecutionListener, org.springframework.boot.test.autoconfigure.web.client.MockRestServiceServerResetTestExecutionListener, org.springframework.boot.test.autoconfigure.web.servlet.MockMvcPrintOnlyOnFailureTestExecutionListener, org.springframework.boot.test.autoconfigure.web.servlet.WebDriverTestExecutionListener, org.springframework.boot.test.mock.mockito.MockitoTestExecutionListener, org.springframework.boot.test.mock.mockito.ResetMocksTestExecutionListener, org.springframework.test.context.web.ServletTestExecutionListener, org.springframework.test.context.support.DirtiesContextBeforeModesTestExecutionListener, org.springframework.test.context.support.DependencyInjectionTestExecutionListener, org.springframework.test.context.support.DirtiesContextTestExecutionListener, org.springframework.test.context.transaction.TransactionalTestExecutionListener, org.springframework.test.context.jdbc.SqlScriptsTestExecutionListener]
19:24:14.787 [Test worker] INFO org.springframework.boot.test.context.SpringBootTestContextBootstrapper - Using TestExecutionListeners: [org.springframework.test.context.web.ServletTestExecutionListener@280f875b, org.springframework.test.context.support.DirtiesContextBeforeModesTestExecutionListener@7802d431, org.springframework.boot.test.mock.mockito.MockitoTestExecutionListener@1f3fcc73, org.springframework.boot.test.autoconfigure.SpringBootDependencyInjectionTestExecutionListener@10c618ba, org.springframework.test.context.support.DirtiesContextTestExecutionListener@442760a6, org.springframework.test.context.transaction.TransactionalTestExecutionListener@2aea974f, org.springframework.test.context.jdbc.SqlScriptsTestExecutionListener@4bd79a35, org.springframework.boot.test.autoconfigure.restdocs.RestDocsTestExecutionListener@6b74583d, org.springframework.boot.test.autoconfigure.web.client.MockRestServiceServerResetTestExecutionListener@142937a5, org.springframework.boot.test.autoconfigure.web.servlet.MockMvcPrintOnlyOnFailureTestExecutionListener@6a079a80, org.springframework.boot.test.autoconfigure.web.servlet.WebDriverTestExecutionListener@1df6b3c7, org.springframework.boot.test.mock.mockito.ResetMocksTestExecutionListener@540ab5f4]
19:24:14.792 [Test worker] DEBUG org.springframework.test.annotation.ProfileValueUtils - Retrieved @ProfileValueSourceConfiguration [null] for test class [se.jasmin.bookapp.api.BookAppControllerTest]
19:24:14.792 [Test worker] DEBUG org.springframework.test.annotation.ProfileValueUtils - Retrieved ProfileValueSource type [class org.springframework.test.annotation.SystemProfileValueSource] for class [se.jasmin.bookapp.api.BookAppControllerTest]
19:24:14.794 [Test worker] DEBUG org.springframework.test.annotation.ProfileValueUtils - Retrieved @ProfileValueSourceConfiguration [null] for test class [se.jasmin.bookapp.api.BookAppControllerTest]
19:24:14.794 [Test worker] DEBUG org.springframework.test.annotation.ProfileValueUtils - Retrieved ProfileValueSource type [class org.springframework.test.annotation.SystemProfileValueSource] for class [se.jasmin.bookapp.api.BookAppControllerTest]
19:24:14.805 [Test worker] DEBUG org.springframework.test.context.support.AbstractDirtiesContextTestExecutionListener - Before test class: context [DefaultTestContext@7729218d testClass = BookAppControllerTest, testInstance = [null], testMethod = [null], testException = [null], mergedContextConfiguration = [WebMergedContextConfiguration@2b98d620 testClass = BookAppControllerTest, locations = '{}', classes = '{class se.jasmin.bookapp.Application}', contextInitializerClasses = '[]', activeProfiles = '{}', propertySourceLocations = '{}', propertySourceProperties = '{org.springframework.boot.test.context.SpringBootTestContextBootstrapper=true}', contextCustomizers = set[org.springframework.boot.test.autoconfigure.properties.PropertyMappingContextCustomizer@0, org.springframework.boot.test.autoconfigure.web.servlet.WebDriverContextCustomizerFactory$Customizer@62e1653c, org.springframework.boot.test.context.filter.ExcludeFilterContextCustomizer@72cb1d43, org.springframework.boot.test.json.DuplicateJsonObjectContextCustomizerFactory$DuplicateJsonObjectContextCustomizer@6132abf3, org.springframework.boot.test.mock.mockito.MockitoContextCustomizer@0, org.springframework.boot.test.web.client.TestRestTemplateContextCustomizer@69c48881], resourceBasePath = 'src/main/webapp', contextLoader = 'org.springframework.boot.test.context.SpringBootContextLoader', parent = [null]], attributes = map['org.springframework.test.context.web.ServletTestExecutionListener.activateListener' -> true]], class annotated with @DirtiesContext [false] with mode [null].
19:24:14.807 [Test worker] DEBUG org.springframework.test.annotation.ProfileValueUtils - Retrieved @ProfileValueSourceConfiguration [null] for test class [se.jasmin.bookapp.api.BookAppControllerTest]
19:24:14.807 [Test worker] DEBUG org.springframework.test.annotation.ProfileValueUtils - Retrieved ProfileValueSource type [class org.springframework.test.annotation.SystemProfileValueSource] for class [se.jasmin.bookapp.api.BookAppControllerTest]
19:24:14.834 [Test worker] DEBUG org.springframework.test.context.support.TestPropertySourceUtils - Adding inlined properties to environment: {spring.jmx.enabled=false, org.springframework.boot.test.context.SpringBootTestContextBootstrapper=true, server.port=-1}

  .   ____          _            __ _ _
 /\\ / ___'_ __ _ _(_)_ __  __ _ \ \ \ \
( ( )\___ | '_ | '_| | '_ \/ _` | \ \ \ \
 \\/  ___)| |_)| | | | | || (_| |  ) ) ) )
  '  |____| .__|_| |_|_| |_\__, | / / / /
 =========|_|==============|___/=/_/_/_/
 :: Spring Boot ::        (v2.1.1.RELEASE)

2019-01-08 19:24:15.272  INFO 18424 --- [    Test worker] s.j.bookapp.api.BookAppControllerTest    : Starting BookAppControllerTest on jaw-0531 with PID 18424 (started by Jasmin in C:\Users\Jasmin\programmering\teknikfordjupning\bookApplicationJava)
2019-01-08 19:24:15.276  INFO 18424 --- [    Test worker] s.j.bookapp.api.BookAppControllerTest    : No active profile set, falling back to default profiles: default
2019-01-08 19:24:16.704  INFO 18424 --- [    Test worker] .s.d.r.c.RepositoryConfigurationDelegate : Bootstrapping Spring Data repositories in DEFAULT mode.
2019-01-08 19:24:16.886  INFO 18424 --- [    Test worker] .s.d.r.c.RepositoryConfigurationDelegate : Finished Spring Data repository scanning in 167ms. Found 3 repository interfaces.
2019-01-08 19:24:17.578  INFO 18424 --- [    Test worker] trationDelegate$BeanPostProcessorChecker : Bean 'org.springframework.transaction.annotation.ProxyTransactionManagementConfiguration' of type [org.springframework.transaction.annotation.ProxyTransactionManagementConfiguration$$EnhancerBySpringCGLIB$$cddc5dcb] is not eligible for getting processed by all BeanPostProcessors (for example: not eligible for auto-proxying)
2019-01-08 19:24:17.998  INFO 18424 --- [    Test worker] com.zaxxer.hikari.HikariDataSource       : HikariPool-1 - Starting...
2019-01-08 19:24:18.393  INFO 18424 --- [    Test worker] com.zaxxer.hikari.HikariDataSource       : HikariPool-1 - Start completed.
2019-01-08 19:24:18.558  INFO 18424 --- [    Test worker] o.hibernate.jpa.internal.util.LogHelper  : HHH000204: Processing PersistenceUnitInfo [
	name: default
	...]
2019-01-08 19:24:18.723  INFO 18424 --- [    Test worker] org.hibernate.Version                    : HHH000412: Hibernate Core {5.3.7.Final}
2019-01-08 19:24:18.726  INFO 18424 --- [    Test worker] org.hibernate.cfg.Environment            : HHH000206: hibernate.properties not found
2019-01-08 19:24:18.935  INFO 18424 --- [    Test worker] o.hibernate.annotations.common.Version   : HCANN000001: Hibernate Commons Annotations {5.0.4.Final}
2019-01-08 19:24:19.153  INFO 18424 --- [    Test worker] org.hibernate.dialect.Dialect            : HHH000400: Using dialect: org.hibernate.dialect.MySQL57Dialect
2019-01-08 19:24:20.288  INFO 18424 --- [    Test worker] j.LocalContainerEntityManagerFactoryBean : Initialized JPA EntityManagerFactory for persistence unit 'default'
2019-01-08 19:24:20.907  INFO 18424 --- [    Test worker] o.h.h.i.QueryTranslatorFactoryInitiator  : HHH000397: Using ASTQueryTranslatorFactory
2019-01-08 19:24:22.190  INFO 18424 --- [    Test worker] o.s.s.concurrent.ThreadPoolTaskExecutor  : Initializing ExecutorService 'applicationTaskExecutor'
2019-01-08 19:24:22.274  WARN 18424 --- [    Test worker] aWebConfiguration$JpaWebMvcConfiguration : spring.jpa.open-in-view is enabled by default. Therefore, database queries may be performed during view rendering. Explicitly configure spring.jpa.open-in-view to disable this warning
2019-01-08 19:24:22.784  INFO 18424 --- [    Test worker] s.j.bookapp.api.BookAppControllerTest    : Started BookAppControllerTest in 7.936 seconds (JVM running for 9.44)
]]></system-out>
  <system-err><![CDATA[]]></system-err>
</testsuite>
