<?xml version="1.0" encoding="UTF-8"?>
<testsuite name="se.jasmin.bookapp.api.BookControllerTest" tests="5" skipped="0" failures="0" errors="0" timestamp="2019-01-08T20:27:39" hostname="jaw-0531" time="0.815">
  <properties/>
  <testcase name="updateBookById" classname="se.jasmin.bookapp.api.BookControllerTest" time="0.431"/>
  <testcase name="updateBookByIdNullDescriptionShouldNotChange" classname="se.jasmin.bookapp.api.BookControllerTest" time="0.079"/>
  <testcase name="createNewBook" classname="se.jasmin.bookapp.api.BookControllerTest" time="0.118"/>
  <testcase name="deleteByIncorrectId" classname="se.jasmin.bookapp.api.BookControllerTest" time="0.079"/>
  <testcase name="deleteById" classname="se.jasmin.bookapp.api.BookControllerTest" time="0.104"/>
  <system-out><![CDATA[21:27:31.935 [Test worker] DEBUG org.springframework.test.context.junit4.SpringJUnit4ClassRunner - SpringJUnit4ClassRunner constructor called with [class se.jasmin.bookapp.api.BookControllerTest]
21:27:31.944 [Test worker] DEBUG org.springframework.test.context.BootstrapUtils - Instantiating CacheAwareContextLoaderDelegate from class [org.springframework.test.context.cache.DefaultCacheAwareContextLoaderDelegate]
21:27:31.952 [Test worker] DEBUG org.springframework.test.context.BootstrapUtils - Instantiating BootstrapContext using constructor [public org.springframework.test.context.support.DefaultBootstrapContext(java.lang.Class,org.springframework.test.context.CacheAwareContextLoaderDelegate)]
21:27:31.972 [Test worker] DEBUG org.springframework.test.context.BootstrapUtils - Instantiating TestContextBootstrapper for test class [se.jasmin.bookapp.api.BookControllerTest] from class [org.springframework.boot.test.context.SpringBootTestContextBootstrapper]
21:27:31.983 [Test worker] INFO org.springframework.boot.test.context.SpringBootTestContextBootstrapper - Neither @ContextConfiguration nor @ContextHierarchy found for test class [se.jasmin.bookapp.api.BookControllerTest], using SpringBootContextLoader
21:27:31.987 [Test worker] DEBUG org.springframework.test.context.support.AbstractContextLoader - Did not detect default resource location for test class [se.jasmin.bookapp.api.BookControllerTest]: class path resource [se/jasmin/bookapp/api/BookControllerTest-context.xml] does not exist
21:27:31.988 [Test worker] DEBUG org.springframework.test.context.support.AbstractContextLoader - Did not detect default resource location for test class [se.jasmin.bookapp.api.BookControllerTest]: class path resource [se/jasmin/bookapp/api/BookControllerTestContext.groovy] does not exist
21:27:31.989 [Test worker] INFO org.springframework.test.context.support.AbstractContextLoader - Could not detect default resource locations for test class [se.jasmin.bookapp.api.BookControllerTest]: no resource found for suffixes {-context.xml, Context.groovy}.
21:27:31.990 [Test worker] INFO org.springframework.test.context.support.AnnotationConfigContextLoaderUtils - Could not detect default configuration classes for test class [se.jasmin.bookapp.api.BookControllerTest]: BookControllerTest does not declare any static, non-private, non-final, nested classes annotated with @Configuration.
21:27:32.029 [Test worker] DEBUG org.springframework.test.context.support.ActiveProfilesUtils - Could not find an 'annotation declaring class' for annotation type [org.springframework.test.context.ActiveProfiles] and class [se.jasmin.bookapp.api.BookControllerTest]
21:27:32.117 [Test worker] DEBUG org.springframework.context.annotation.ClassPathScanningCandidateComponentProvider - Identified candidate component class: file [C:\Users\Jasmin\programmering\teknikfordjupning\bookApplicationJava\build\classes\java\main\se\jasmin\bookapp\Application.class]
21:27:32.119 [Test worker] INFO org.springframework.boot.test.context.SpringBootTestContextBootstrapper - Found @SpringBootConfiguration se.jasmin.bookapp.Application for test class se.jasmin.bookapp.api.BookControllerTest
21:27:32.231 [Test worker] DEBUG org.springframework.boot.test.context.SpringBootTestContextBootstrapper - @TestExecutionListeners is not present for class [se.jasmin.bookapp.api.BookControllerTest]: using defaults.
21:27:32.232 [Test worker] INFO org.springframework.boot.test.context.SpringBootTestContextBootstrapper - Loaded default TestExecutionListener class names from location [META-INF/spring.factories]: [org.springframework.boot.test.autoconfigure.restdocs.RestDocsTestExecutionListener, org.springframework.boot.test.autoconfigure.web.client.MockRestServiceServerResetTestExecutionListener, org.springframework.boot.test.autoconfigure.web.servlet.MockMvcPrintOnlyOnFailureTestExecutionListener, org.springframework.boot.test.autoconfigure.web.servlet.WebDriverTestExecutionListener, org.springframework.boot.test.mock.mockito.MockitoTestExecutionListener, org.springframework.boot.test.mock.mockito.ResetMocksTestExecutionListener, org.springframework.test.context.web.ServletTestExecutionListener, org.springframework.test.context.support.DirtiesContextBeforeModesTestExecutionListener, org.springframework.test.context.support.DependencyInjectionTestExecutionListener, org.springframework.test.context.support.DirtiesContextTestExecutionListener, org.springframework.test.context.transaction.TransactionalTestExecutionListener, org.springframework.test.context.jdbc.SqlScriptsTestExecutionListener]
21:27:32.254 [Test worker] INFO org.springframework.boot.test.context.SpringBootTestContextBootstrapper - Using TestExecutionListeners: [org.springframework.test.context.web.ServletTestExecutionListener@4c93704c, org.springframework.test.context.support.DirtiesContextBeforeModesTestExecutionListener@48158af1, org.springframework.boot.test.mock.mockito.MockitoTestExecutionListener@55d9ff97, org.springframework.boot.test.autoconfigure.SpringBootDependencyInjectionTestExecutionListener@7483a92f, org.springframework.test.context.support.DirtiesContextTestExecutionListener@2345b6e3, org.springframework.test.context.transaction.TransactionalTestExecutionListener@4763f278, org.springframework.test.context.jdbc.SqlScriptsTestExecutionListener@5d5c9844, org.springframework.boot.test.autoconfigure.restdocs.RestDocsTestExecutionListener@347f8811, org.springframework.boot.test.autoconfigure.web.client.MockRestServiceServerResetTestExecutionListener@3a83c2d3, org.springframework.boot.test.autoconfigure.web.servlet.MockMvcPrintOnlyOnFailureTestExecutionListener@622b17c9, org.springframework.boot.test.autoconfigure.web.servlet.WebDriverTestExecutionListener@5b0c2d70, org.springframework.boot.test.mock.mockito.ResetMocksTestExecutionListener@137b1900]
21:27:32.257 [Test worker] DEBUG org.springframework.test.annotation.ProfileValueUtils - Retrieved @ProfileValueSourceConfiguration [null] for test class [se.jasmin.bookapp.api.BookControllerTest]
21:27:32.258 [Test worker] DEBUG org.springframework.test.annotation.ProfileValueUtils - Retrieved ProfileValueSource type [class org.springframework.test.annotation.SystemProfileValueSource] for class [se.jasmin.bookapp.api.BookControllerTest]
21:27:32.259 [Test worker] DEBUG org.springframework.test.annotation.ProfileValueUtils - Retrieved @ProfileValueSourceConfiguration [null] for test class [se.jasmin.bookapp.api.BookControllerTest]
21:27:32.259 [Test worker] DEBUG org.springframework.test.annotation.ProfileValueUtils - Retrieved ProfileValueSource type [class org.springframework.test.annotation.SystemProfileValueSource] for class [se.jasmin.bookapp.api.BookControllerTest]
21:27:32.265 [Test worker] DEBUG org.springframework.test.context.support.AbstractDirtiesContextTestExecutionListener - Before test class: context [DefaultTestContext@54cdc971 testClass = BookControllerTest, testInstance = [null], testMethod = [null], testException = [null], mergedContextConfiguration = [WebMergedContextConfiguration@78d73b00 testClass = BookControllerTest, locations = '{}', classes = '{class se.jasmin.bookapp.Application}', contextInitializerClasses = '[]', activeProfiles = '{}', propertySourceLocations = '{}', propertySourceProperties = '{org.springframework.boot.test.context.SpringBootTestContextBootstrapper=true}', contextCustomizers = set[org.springframework.boot.test.autoconfigure.properties.PropertyMappingContextCustomizer@0, org.springframework.boot.test.autoconfigure.web.servlet.WebDriverContextCustomizerFactory$Customizer@4d1fe1e3, org.springframework.boot.test.context.filter.ExcludeFilterContextCustomizer@142dd9, org.springframework.boot.test.json.DuplicateJsonObjectContextCustomizerFactory$DuplicateJsonObjectContextCustomizer@43578921, org.springframework.boot.test.mock.mockito.MockitoContextCustomizer@0, org.springframework.boot.test.web.client.TestRestTemplateContextCustomizer@6b5eb938], resourceBasePath = 'src/main/webapp', contextLoader = 'org.springframework.boot.test.context.SpringBootContextLoader', parent = [null]], attributes = map['org.springframework.test.context.web.ServletTestExecutionListener.activateListener' -> true]], class annotated with @DirtiesContext [false] with mode [null].
21:27:32.267 [Test worker] DEBUG org.springframework.test.annotation.ProfileValueUtils - Retrieved @ProfileValueSourceConfiguration [null] for test class [se.jasmin.bookapp.api.BookControllerTest]
21:27:32.267 [Test worker] DEBUG org.springframework.test.annotation.ProfileValueUtils - Retrieved ProfileValueSource type [class org.springframework.test.annotation.SystemProfileValueSource] for class [se.jasmin.bookapp.api.BookControllerTest]
21:27:32.295 [Test worker] DEBUG org.springframework.test.context.support.TestPropertySourceUtils - Adding inlined properties to environment: {spring.jmx.enabled=false, org.springframework.boot.test.context.SpringBootTestContextBootstrapper=true, server.port=-1}

  .   ____          _            __ _ _
 /\\ / ___'_ __ _ _(_)_ __  __ _ \ \ \ \
( ( )\___ | '_ | '_| | '_ \/ _` | \ \ \ \
 \\/  ___)| |_)| | | | | || (_| |  ) ) ) )
  '  |____| .__|_| |_|_| |_\__, | / / / /
 =========|_|==============|___/=/_/_/_/
 :: Spring Boot ::        (v2.1.1.RELEASE)

2019-01-08 21:27:32.759  INFO 176 --- [    Test worker] s.jasmin.bookapp.api.BookControllerTest  : Starting BookControllerTest on jaw-0531 with PID 176 (started by Jasmin in C:\Users\Jasmin\programmering\teknikfordjupning\bookApplicationJava)
2019-01-08 21:27:32.764  INFO 176 --- [    Test worker] s.jasmin.bookapp.api.BookControllerTest  : No active profile set, falling back to default profiles: default
2019-01-08 21:27:33.972  INFO 176 --- [    Test worker] .s.d.r.c.RepositoryConfigurationDelegate : Bootstrapping Spring Data repositories in DEFAULT mode.
2019-01-08 21:27:34.108  INFO 176 --- [    Test worker] .s.d.r.c.RepositoryConfigurationDelegate : Finished Spring Data repository scanning in 127ms. Found 3 repository interfaces.
2019-01-08 21:27:34.761  INFO 176 --- [    Test worker] trationDelegate$BeanPostProcessorChecker : Bean 'org.springframework.transaction.annotation.ProxyTransactionManagementConfiguration' of type [org.springframework.transaction.annotation.ProxyTransactionManagementConfiguration$$EnhancerBySpringCGLIB$$6c366acb] is not eligible for getting processed by all BeanPostProcessors (for example: not eligible for auto-proxying)
2019-01-08 21:27:35.088  INFO 176 --- [    Test worker] com.zaxxer.hikari.HikariDataSource       : HikariPool-1 - Starting...
2019-01-08 21:27:35.352  INFO 176 --- [    Test worker] com.zaxxer.hikari.HikariDataSource       : HikariPool-1 - Start completed.
2019-01-08 21:27:35.462  INFO 176 --- [    Test worker] o.hibernate.jpa.internal.util.LogHelper  : HHH000204: Processing PersistenceUnitInfo [
	name: default
	...]
2019-01-08 21:27:35.579  INFO 176 --- [    Test worker] org.hibernate.Version                    : HHH000412: Hibernate Core {5.3.7.Final}
2019-01-08 21:27:35.580  INFO 176 --- [    Test worker] org.hibernate.cfg.Environment            : HHH000206: hibernate.properties not found
2019-01-08 21:27:35.758  INFO 176 --- [    Test worker] o.hibernate.annotations.common.Version   : HCANN000001: Hibernate Commons Annotations {5.0.4.Final}
2019-01-08 21:27:35.956  INFO 176 --- [    Test worker] org.hibernate.dialect.Dialect            : HHH000400: Using dialect: org.hibernate.dialect.MySQL57Dialect
2019-01-08 21:27:37.082  INFO 176 --- [    Test worker] j.LocalContainerEntityManagerFactoryBean : Initialized JPA EntityManagerFactory for persistence unit 'default'
2019-01-08 21:27:37.618  INFO 176 --- [    Test worker] o.h.h.i.QueryTranslatorFactoryInitiator  : HHH000397: Using ASTQueryTranslatorFactory
2019-01-08 21:27:38.648  INFO 176 --- [    Test worker] o.s.s.concurrent.ThreadPoolTaskExecutor  : Initializing ExecutorService 'applicationTaskExecutor'
2019-01-08 21:27:38.726  WARN 176 --- [    Test worker] aWebConfiguration$JpaWebMvcConfiguration : spring.jpa.open-in-view is enabled by default. Therefore, database queries may be performed during view rendering. Explicitly configure spring.jpa.open-in-view to disable this warning
2019-01-08 21:27:39.345  INFO 176 --- [    Test worker] s.jasmin.bookapp.api.BookControllerTest  : Started BookControllerTest in 7.035 seconds (JVM running for 8.451)
]]></system-out>
  <system-err><![CDATA[]]></system-err>
</testsuite>
